<?xml version="1.0" encoding="UTF-8"?>
<!-- Generated by org.testng.reporters.JUnitReportReporter -->
<testsuite hostname="RCBAN0045" name="com.automationpractice.testcases.FullPageScreenshot" tests="1" failures="0" timestamp="10 Sep 2018 09:26:33 GMT" time="27.299" errors="0">
  <testcase name="takeFullSizesScreenShot" time="27.299" classname="com.automationpractice.testcases.FullPageScreenshot"/>
</testsuite> <!-- com.automationpractice.testcases.FullPageScreenshot -->
