<?xml version="1.0" encoding="UTF-8"?>
<!-- Generated by org.testng.reporters.JUnitReportReporter -->
<testsuite hostname="RCBAN0045" name="com.automationpractice.testcases.ContactUsPageTest" tests="3" failures="0" timestamp="12 Sep 2018 11:31:04 GMT" time="83.986" errors="0">
  <testcase name="verifyContactUsSendMessageTest" time="48.713" classname="com.automationpractice.testcases.ContactUsPageTest"/>
  <testcase name="verifyContactUsSendMessageWithoutSignInTest" time="18.571" classname="com.automationpractice.testcases.ContactUsPageTest"/>
  <testcase name="verifyLoginPageContactUsLabelTest" time="16.702" classname="com.automationpractice.testcases.ContactUsPageTest"/>
</testsuite> <!-- com.automationpractice.testcases.ContactUsPageTest -->
