<?xml version="1.0" encoding="UTF-8"?>
<!-- Generated by org.testng.reporters.JUnitReportReporter -->
<testsuite hostname="RCBAN0045" name="com.automationpractice.testcases.MyHomePageTest" tests="8" failures="0" timestamp="6 Sep 2018 13:58:52 GMT" time="227.190" errors="0">
  <testcase name="verifyAccountLabelTest" time="23.567" classname="com.automationpractice.testcases.MyHomePageTest"/>
  <testcase name="verifyMyWishListPageLinkTest" time="26.538" classname="com.automationpractice.testcases.MyHomePageTest"/>
  <testcase name="verifyMyPersonalPageLinkTest" time="26.545" classname="com.automationpractice.testcases.MyHomePageTest"/>
  <testcase name="verifyUserLabelTest" time="29.262" classname="com.automationpractice.testcases.MyHomePageTest"/>
  <testcase name="verifyBackToHomeLinkTest" time="27.857" classname="com.automationpractice.testcases.MyHomePageTest"/>
  <testcase name="verifyCreditSlipsLinkTest" time="40.903" classname="com.automationpractice.testcases.MyHomePageTest"/>
  <testcase name="verifyMyAddressPageLinkTest" time="25.768" classname="com.automationpractice.testcases.MyHomePageTest"/>
  <testcase name="verifyOrderHistoryLinkTest" time="26.750" classname="com.automationpractice.testcases.MyHomePageTest"/>
</testsuite> <!-- com.automationpractice.testcases.MyHomePageTest -->
