<?xml version="1.0" encoding="UTF-8"?>
<!-- Generated by org.testng.reporters.JUnitReportReporter -->
<testsuite hostname="RCBAN0045" name="com.automationpractice.testcases.MyPersonalPageTest" tests="4" failures="0" timestamp="6 Sep 2018 17:32:22 GMT" time="79.052" errors="0">
  <testcase name="verifyBackToAccountLinkTest" time="20.037" classname="com.automationpractice.testcases.MyPersonalPageTest"/>
  <testcase name="verifyMyPersonalPageTitleTest" time="18.220" classname="com.automationpractice.testcases.MyPersonalPageTest"/>
  <testcase name="verifyBackToHomeLinkTest" time="22.952" classname="com.automationpractice.testcases.MyPersonalPageTest"/>
  <testcase name="verifyMyPersonalLabelTest" time="17.843" classname="com.automationpractice.testcases.MyPersonalPageTest"/>
</testsuite> <!-- com.automationpractice.testcases.MyPersonalPageTest -->
