<?xml version="1.0" encoding="UTF-8"?>
<!-- Generated by org.testng.reporters.JUnitReportReporter -->
<testsuite hostname="RCBAN0045" name="com.automationpractice.testcases.MyAccountPageTest" tests="8" failures="0" timestamp="6 Sep 2018 17:32:22 GMT" time="154.172" errors="0">
  <testcase name="verifyCreditSlipsLinkTest" time="20.279" classname="com.automationpractice.testcases.MyAccountPageTest"/>
  <testcase name="verifyMyAddressPageLinkTest" time="18.860" classname="com.automationpractice.testcases.MyAccountPageTest"/>
  <testcase name="verifyUserLabelTest" time="17.362" classname="com.automationpractice.testcases.MyAccountPageTest"/>
  <testcase name="verifyAccountLabelTest" time="16.847" classname="com.automationpractice.testcases.MyAccountPageTest"/>
  <testcase name="verifyMyWishListPageLinkTest" time="19.752" classname="com.automationpractice.testcases.MyAccountPageTest"/>
  <testcase name="verifyBackToHomeLinkTest" time="20.539" classname="com.automationpractice.testcases.MyAccountPageTest"/>
  <testcase name="verifyMyPersonalPageLinkTest" time="20.201" classname="com.automationpractice.testcases.MyAccountPageTest"/>
  <testcase name="verifyOrderHistoryLinkTest" time="20.332" classname="com.automationpractice.testcases.MyAccountPageTest"/>
</testsuite> <!-- com.automationpractice.testcases.MyAccountPageTest -->
