<?xml version="1.0" encoding="UTF-8"?>
<!-- Generated by org.testng.reporters.JUnitReportReporter -->
<testsuite hostname="RCBAN0045" name="com.automationpractice.testcases.UserRegistrationPageTest" tests="1" failures="0" timestamp="9 Sep 2018 17:25:25 GMT" time="42.421" errors="0">
  <testcase name="verifyUserRegistrationTest" time="42.421" classname="com.automationpractice.testcases.UserRegistrationPageTest"/>
</testsuite> <!-- com.automationpractice.testcases.UserRegistrationPageTest -->
