<?xml version="1.0" encoding="UTF-8"?>
<!-- Generated by org.testng.reporters.JUnitReportReporter -->
<testsuite hostname="RCBAN0045" name="com.automationpractice.testcases.MyAccountPageTest" tests="8" failures="0" timestamp="9 Sep 2018 17:25:25 GMT" time="188.596" errors="0">
  <testcase name="verifyBackToHomeLinkTest" time="24.854" classname="com.automationpractice.testcases.MyAccountPageTest"/>
  <testcase name="verifyCreditSlipsLinkTest" time="21.385" classname="com.automationpractice.testcases.MyAccountPageTest"/>
  <testcase name="verifyMyPersonalPageLinkTest" time="28.873" classname="com.automationpractice.testcases.MyAccountPageTest"/>
  <testcase name="verifyOrderHistoryLinkTest" time="24.114" classname="com.automationpractice.testcases.MyAccountPageTest"/>
  <testcase name="verifyMyWishListPageLinkTest" time="28.379" classname="com.automationpractice.testcases.MyAccountPageTest"/>
  <testcase name="verifyMyAddressPageLinkTest" time="21.620" classname="com.automationpractice.testcases.MyAccountPageTest"/>
  <testcase name="verifyUserLabelTest" time="20.431" classname="com.automationpractice.testcases.MyAccountPageTest"/>
  <testcase name="verifyAccountLabelTest" time="18.940" classname="com.automationpractice.testcases.MyAccountPageTest"/>
</testsuite> <!-- com.automationpractice.testcases.MyAccountPageTest -->
