<?xml version="1.0" encoding="UTF-8"?>
<!-- Generated by org.testng.reporters.JUnitReportReporter -->
<testsuite hostname="RCBAN0045" name="com.automationpractice.testcases.LoginPageTest" tests="3" failures="0" timestamp="9 Sep 2018 17:25:25 GMT" time="55.543" errors="0">
  <testcase name="loginPageLogoTest" time="14.615" classname="com.automationpractice.testcases.LoginPageTest"/>
  <testcase name="verifyCreateAccountLinkTest" time="21.378" classname="com.automationpractice.testcases.LoginPageTest"/>
  <testcase name="signInTest" time="19.550" classname="com.automationpractice.testcases.LoginPageTest"/>
</testsuite> <!-- com.automationpractice.testcases.LoginPageTest -->
